MSBuild version 18.0.5+e22287bf1 for .NET Framework

  addin_driver.cpp
E:\project_c\POSTerminal\include\vncomp\types.h(141,9): warning C4201: nonstandard extension used: nameless struct/union [E:\project_c\POSTerminal\build\src\ecr_driver_terminal.vcxproj]
  (compiling source file '../../src/addin_driver.cpp')
  
E:\project_c\POSTerminal\include\vncomp\types.h(146,9): warning C4201: nonstandard extension used: nameless struct/union [E:\project_c\POSTerminal\build\src\ecr_driver_terminal.vcxproj]
  (compiling source file '../../src/addin_driver.cpp')
  
E:\project_c\POSTerminal\include\vncomp\types.h(151,9): warning C4201: nonstandard extension used: nameless struct/union [E:\project_c\POSTerminal\build\src\ecr_driver_terminal.vcxproj]
  (compiling source file '../../src/addin_driver.cpp')
  
E:\project_c\POSTerminal\src\interface_connection.h(220,67): warning C4458: declaration of 'port' hides class member [E:\project_c\POSTerminal\build\src\ecr_driver_terminal.vcxproj]
  (compiling source file '../../src/addin_driver.cpp')
      E:\project_c\POSTerminal\src\interface_connection.h(256,17):
      see declaration of 'ComConnection::port'
  
E:\project_c\POSTerminal\src\interface_connection.h(220,67): warning C4100: 'port': unreferenced parameter [E:\project_c\POSTerminal\build\src\ecr_driver_terminal.vcxproj]
  (compiling source file '../../src/addin_driver.cpp')
  
E:\project_c\POSTerminal\src\interface_connection.h(220,37): warning C4100: 'host': unreferenced parameter [E:\project_c\POSTerminal\build\src\ecr_driver_terminal.vcxproj]
  (compiling source file '../../src/addin_driver.cpp')
  
E:\project_c\POSTerminal\src\interface_connection.h(230,46): warning C4100: 'data': unreferenced parameter [E:\project_c\POSTerminal\build\src\ecr_driver_terminal.vcxproj]
  (compiling source file '../../src/addin_driver.cpp')
  
E:\project_c\POSTerminal\build\vcpkg_installed\x64-windows\include\boost\asio\detail\io_object_impl.hpp(59,16): error C2665: 'boost::asio::any_io_executor::any_io_executor': no overloaded function could convert all the argument types [E:\project_c\POSTerminal\build\src\ecr_driver_terminal.vcxproj]
  (compiling source file '../../src/addin_driver.cpp')
      E:\project_c\POSTerminal\build\vcpkg_installed\x64-windows\include\boost\asio\impl\any_io_executor.ipp(34,18):
      could be 'boost::asio::any_io_executor::any_io_executor(std::nullptr_t) noexcept'
          E:\project_c\POSTerminal\build\vcpkg_installed\x64-windows\include\boost\asio\detail\io_object_impl.hpp(59,16):
          'boost::asio::any_io_executor::any_io_executor(std::nullptr_t) noexcept': cannot convert argument 1 from 'boost::asio::io_context::executor_type' to 'std::nullptr_t'
              E:\project_c\POSTerminal\build\vcpkg_installed\x64-windows\include\boost\asio\detail\io_object_impl.hpp(59,37):
              No user-defined-conversion operator available that can perform this conversion, or the operator cannot be called
      E:\project_c\POSTerminal\build\vcpkg_installed\x64-windows\include\boost\asio\any_io_executor.hpp(184,3):
      or       'boost::asio::any_io_executor::any_io_executor(std::nothrow_t,Executor,constraint<conditional_t<!std::is_same<OtherAnyExecutor,boost::asio::any_io_executor>::value&&!std::is_base_of<boost::asio::execution::detail::any_executor_base,Executor>::value,boost::asio::execution::detail::is_valid_target_executor<Executor,boost::asio::any_io_executor::supportable_properties_type>,std::false_type>::value,int>::type) noexcept'
          E:\project_c\POSTerminal\build\vcpkg_installed\x64-windows\include\boost\asio\detail\io_object_impl.hpp(59,16):
          'boost::asio::any_io_executor::any_io_executor(std::nothrow_t,Executor,constraint<conditional_t<!std::is_same<OtherAnyExecutor,boost::asio::any_io_executor>::value&&!std::is_base_of<boost::asio::execution::detail::any_executor_base,Executor>::value,boost::asio::execution::detail::is_valid_target_executor<Executor,boost::asio::any_io_executor::supportable_properties_type>,std::false_type>::value,int>::type) noexcept': expects 3 arguments - 1 provided
      E:\project_c\POSTerminal\build\vcpkg_installed\x64-windows\include\boost\asio\any_io_executor.hpp(162,3):
      or       'boost::asio::any_io_executor::any_io_executor(Executor,constraint<conditional_t<!std::is_same<OtherAnyExecutor,boost::asio::any_io_executor>::value&&!std::is_base_of<boost::asio::execution::detail::any_executor_base,Executor>::value,boost::asio::execution::detail::is_valid_target_executor<Executor,boost::asio::any_io_executor::supportable_properties_type>,std::false_type>::value,int>::type)'
          E:\project_c\POSTerminal\build\vcpkg_installed\x64-windows\include\boost\asio\detail\io_object_impl.hpp(59,16):
          Failed to specialize function template 'boost::asio::any_io_executor::any_io_executor(Executor,constraint<conditional_t<!std::is_same<OtherAnyExecutor,boost::asio::any_io_executor>::value&&!std::is_base_of<boost::asio::execution::detail::any_executor_base,Executor>::value,boost::asio::execution::detail::is_valid_target_executor<Executor,boost::asio::any_io_executor::supportable_properties_type>,std::false_type>::value,int>::type)'
              E:\project_c\POSTerminal\build\vcpkg_installed\x64-windows\include\boost\asio\detail\io_object_impl.hpp(59,16):
              With the following template arguments:
                  E:\project_c\POSTerminal\build\vcpkg_installed\x64-windows\include\boost\asio\detail\io_object_impl.hpp(59,16):
                  'Executor=boost::asio::io_context::executor_type'
              E:\project_c\POSTerminal\build\vcpkg_installed\x64-windows\include\boost\asio\any_io_executor.hpp(163,7):
              'boost::asio::constraint_t' : Failed to specialize alias template
                  E:\project_c\POSTerminal\build\vcpkg_installed\x64-windows\include\boost\asio\detail\type_traits.hpp(181,60):
                  'type': is not a member of any direct or indirect base class of 'boost::asio::constraint<false,int>'
      E:\project_c\POSTerminal\build\vcpkg_installed\x64-windows\include\boost\asio\any_io_executor.hpp(132,3):
      or       'boost::asio::any_io_executor::any_io_executor(std::nothrow_t,OtherAnyExecutor,constraint<conditional_t<!std::is_same<OtherAnyExecutor,boost::asio::any_io_executor>::value&&std::is_base_of<boost::asio::execution::detail::any_executor_base,Executor>::value,boost::asio::execution::detail::supportable_properties<0,void (boost::asio::execution::context_as_t<boost::asio::execution_context &>,boost::asio::execution::detail::blocking::never_t<0>,boost::asio::execution::prefer_only<boost::asio::execution::detail::blocking::possibly_t<0>>,boost::asio::execution::prefer_only<boost::asio::execution::detail::outstanding_work::tracked_t<0>>,boost::asio::execution::prefer_only<boost::asio::execution::detail::outstanding_work::untracked_t<0>>,boost::asio::execution::prefer_only<boost::asio::execution::detail::relationship::fork_t<0>>,boost::asio::execution::prefer_only<boost::asio::execution::detail::relationship::continuation_t<0>>)>::is_valid_target<OtherAnyExecutor>,std::false_type>::value,int>::type) noexcept'
          E:\project_c\POSTerminal\build\vcpkg_installed\x64-windows\include\boost\asio\detail\io_object_impl.hpp(59,16):
          'boost::asio::any_io_executor::any_io_executor(std::nothrow_t,OtherAnyExecutor,constraint<conditional_t<!std::is_same<OtherAnyExecutor,boost::asio::any_io_executor>::value&&std::is_base_of<boost::asio::execution::detail::any_executor_base,Executor>::value,boost::asio::execution::detail::supportable_properties<0,void (boost::asio::execution::context_as_t<boost::asio::execution_context &>,boost::asio::execution::detail::blocking::never_t<0>,boost::asio::execution::prefer_only<boost::asio::execution::detail::blocking::possibly_t<0>>,boost::asio::execution::prefer_only<boost::asio::execution::detail::outstanding_work::tracked_t<0>>,boost::asio::execution::prefer_only<boost::asio::execution::detail::outstanding_work::untracked_t<0>>,boost::asio::execution::prefer_only<boost::asio::execution::detail::relationship::fork_t<0>>,boost::asio::execution::prefer_only<boost::asio::execution::detail::relationship::continuation_t<0>>)>::is_valid_target<OtherAnyExecutor>,std::false_type>::value,int>::type) noexcept': expects 3 arguments - 1 provided
      E:\project_c\POSTerminal\build\vcpkg_installed\x64-windows\include\boost\asio\any_io_executor.hpp(108,3):
      or       'boost::asio::any_io_executor::any_io_executor(OtherAnyExecutor,constraint<conditional_t<!std::is_same<OtherAnyExecutor,boost::asio::any_io_executor>::value&&std::is_base_of<boost::asio::execution::detail::any_executor_base,Executor>::value,boost::asio::execution::detail::supportable_properties<0,void (boost::asio::execution::context_as_t<boost::asio::execution_context &>,boost::asio::execution::detail::blocking::never_t<0>,boost::asio::execution::prefer_only<boost::asio::execution::detail::blocking::possibly_t<0>>,boost::asio::execution::prefer_only<boost::asio::execution::detail::outstanding_work::tracked_t<0>>,boost::asio::execution::prefer_only<boost::asio::execution::detail::outstanding_work::untracked_t<0>>,boost::asio::execution::prefer_only<boost::asio::execution::detail::relationship::fork_t<0>>,boost::asio::execution::prefer_only<boost::asio::execution::detail::relationship::continuation_t<0>>)>::is_valid_target<OtherAnyExecutor>,std::false_type>::value,int>::type)'
          E:\project_c\POSTerminal\build\vcpkg_installed\x64-windows\include\boost\asio\detail\io_object_impl.hpp(59,16):
          Failed to specialize function template 'boost::asio::any_io_executor::any_io_executor(OtherAnyExecutor,constraint<conditional_t<!std::is_same<OtherAnyExecutor,boost::asio::any_io_executor>::value&&std::is_base_of<boost::asio::execution::detail::any_executor_base,Executor>::value,boost::asio::execution::detail::supportable_properties<0,void (boost::asio::execution::context_as_t<boost::asio::execution_context &>,boost::asio::execution::detail::blocking::never_t<0>,boost::asio::execution::prefer_only<boost::asio::execution::detail::blocking::possibly_t<0>>,boost::asio::execution::prefer_only<boost::asio::execution::detail::outstanding_work::tracked_t<0>>,boost::asio::execution::prefer_only<boost::asio::execution::detail::outstanding_work::untracked_t<0>>,boost::asio::execution::prefer_only<boost::asio::execution::detail::relationship::fork_t<0>>,boost::asio::execution::prefer_only<boost::asio::execution::detail::relationship::continuation_t<0>>)>::is_valid_target<OtherAnyExecutor>,std::false_type>::value,int>::type)'
              E:\project_c\POSTerminal\build\vcpkg_installed\x64-windows\include\boost\asio\detail\io_object_impl.hpp(59,16):
              With the following template arguments:
                  E:\project_c\POSTerminal\build\vcpkg_installed\x64-windows\include\boost\asio\detail\io_object_impl.hpp(59,16):
                  'OtherAnyExecutor=boost::asio::io_context::executor_type'
              E:\project_c\POSTerminal\build\vcpkg_installed\x64-windows\include\boost\asio\any_io_executor.hpp(109,7):
              'boost::asio::constraint_t' : Failed to specialize alias template
                  E:\project_c\POSTerminal\build\vcpkg_installed\x64-windows\include\boost\asio\detail\type_traits.hpp(181,60):
                  'type': is not a member of any direct or indirect base class of 'boost::asio::constraint<false,int>'
      E:\project_c\POSTerminal\build\vcpkg_installed\x64-windows\include\boost\asio\detail\io_object_impl.hpp(59,16):
      while trying to match the argument list '(boost::asio::io_context::executor_type)'
      E:\project_c\POSTerminal\build\vcpkg_installed\x64-windows\include\boost\asio\detail\io_object_impl.hpp(59,16):
      the template instantiation context (the oldest one first) is
          E:\project_c\POSTerminal\src\interface_connection.h(170,20):
          see reference to function template instantiation 'boost::asio::ip::basic_resolver<boost::asio::ip::tcp,boost::asio::any_io_executor>::basic_resolver<boost::asio::io_context>(ExecutionContext &,int)' being compiled
          with
          [
              ExecutionContext=boost::asio::io_context
          ]
              E:\project_c\POSTerminal\src\interface_connection.h(170,20):
              see the first reference to 'boost::asio::ip::basic_resolver<boost::asio::ip::tcp,boost::asio::any_io_executor>::basic_resolver' in 'WebSocketConnection::WebSocketConnection'
          E:\project_c\POSTerminal\build\vcpkg_installed\x64-windows\include\boost\asio\ip\basic_resolver.hpp(118,12):
          see reference to function template instantiation 'boost::asio::detail::io_object_impl<boost::asio::detail::resolver_service<InternetProtocol>,Executor>::io_object_impl<ExecutionContext>(int,int,ExecutionContext &)' being compiled
          with
          [
              InternetProtocol=boost::asio::ip::tcp,
              Executor=boost::asio::any_io_executor,
              ExecutionContext=boost::asio::io_context
          ]
  
  common_main.cpp
E:\project_c\POSTerminal\include\vncomp\types.h(141,9): warning C4201: nonstandard extension used: nameless struct/union [E:\project_c\POSTerminal\build\src\ecr_driver_terminal.vcxproj]
  (compiling source file '../../src/common_main.cpp')
  
E:\project_c\POSTerminal\include\vncomp\types.h(146,9): warning C4201: nonstandard extension used: nameless struct/union [E:\project_c\POSTerminal\build\src\ecr_driver_terminal.vcxproj]
  (compiling source file '../../src/common_main.cpp')
  
E:\project_c\POSTerminal\include\vncomp\types.h(151,9): warning C4201: nonstandard extension used: nameless struct/union [E:\project_c\POSTerminal\build\src\ecr_driver_terminal.vcxproj]
  (compiling source file '../../src/common_main.cpp')
  
E:\project_c\POSTerminal\src\common_main.cpp(10,40): warning C4100: 'wsName': unreferenced parameter [E:\project_c\POSTerminal\build\src\ecr_driver_terminal.vcxproj]
  (compiling source file '../../src/common_main.cpp')
  
  driver_pos_terminal.cpp
E:\project_c\POSTerminal\include\vncomp\types.h(141,9): warning C4201: nonstandard extension used: nameless struct/union [E:\project_c\POSTerminal\build\src\ecr_driver_terminal.vcxproj]
  (compiling source file '../../src/driver_pos_terminal.cpp')
  
E:\project_c\POSTerminal\include\vncomp\types.h(146,9): warning C4201: nonstandard extension used: nameless struct/union [E:\project_c\POSTerminal\build\src\ecr_driver_terminal.vcxproj]
  (compiling source file '../../src/driver_pos_terminal.cpp')
  
E:\project_c\POSTerminal\include\vncomp\types.h(151,9): warning C4201: nonstandard extension used: nameless struct/union [E:\project_c\POSTerminal\build\src\ecr_driver_terminal.vcxproj]
  (compiling source file '../../src/driver_pos_terminal.cpp')
  
E:\project_c\POSTerminal\src\interface_connection.h(220,67): warning C4458: declaration of 'port' hides class member [E:\project_c\POSTerminal\build\src\ecr_driver_terminal.vcxproj]
  (compiling source file '../../src/driver_pos_terminal.cpp')
      E:\project_c\POSTerminal\src\interface_connection.h(256,17):
      see declaration of 'ComConnection::port'
  
E:\project_c\POSTerminal\src\interface_connection.h(220,67): warning C4100: 'port': unreferenced parameter [E:\project_c\POSTerminal\build\src\ecr_driver_terminal.vcxproj]
  (compiling source file '../../src/driver_pos_terminal.cpp')
  
E:\project_c\POSTerminal\src\interface_connection.h(220,37): warning C4100: 'host': unreferenced parameter [E:\project_c\POSTerminal\build\src\ecr_driver_terminal.vcxproj]
  (compiling source file '../../src/driver_pos_terminal.cpp')
  
E:\project_c\POSTerminal\src\interface_connection.h(230,46): warning C4100: 'data': unreferenced parameter [E:\project_c\POSTerminal\build\src\ecr_driver_terminal.vcxproj]
  (compiling source file '../../src/driver_pos_terminal.cpp')
  
E:\project_c\POSTerminal\src\driver_pos_terminal.cpp(719,7): warning C4189: '_': local variable is initialized but not referenced [E:\project_c\POSTerminal\build\src\ecr_driver_terminal.vcxproj]
  (compiling source file '../../src/driver_pos_terminal.cpp')
  
E:\project_c\POSTerminal\src\driver_pos_terminal.cpp(2234,8): warning C4189: 'connection': local variable is initialized but not referenced [E:\project_c\POSTerminal\build\src\ecr_driver_terminal.vcxproj]
  (compiling source file '../../src/driver_pos_terminal.cpp')
  
E:\project_c\POSTerminal\src\driver_pos_terminal.cpp(2288,8): warning C4189: 'connection': local variable is initialized but not referenced [E:\project_c\POSTerminal\build\src\ecr_driver_terminal.vcxproj]
  (compiling source file '../../src/driver_pos_terminal.cpp')
  
E:\project_c\POSTerminal\src\driver_pos_terminal.cpp(2325,8): warning C4189: 'connection': local variable is initialized but not referenced [E:\project_c\POSTerminal\build\src\ecr_driver_terminal.vcxproj]
  (compiling source file '../../src/driver_pos_terminal.cpp')
  
E:\project_c\POSTerminal\src\driver_pos_terminal.cpp(2362,8): warning C4189: 'connection': local variable is initialized but not referenced [E:\project_c\POSTerminal\build\src\ecr_driver_terminal.vcxproj]
  (compiling source file '../../src/driver_pos_terminal.cpp')
  
E:\project_c\POSTerminal\src\driver_pos_terminal.cpp(2388,8): warning C4189: 'connection': local variable is initialized but not referenced [E:\project_c\POSTerminal\build\src\ecr_driver_terminal.vcxproj]
  (compiling source file '../../src/driver_pos_terminal.cpp')
  
E:\project_c\POSTerminal\src\driver_pos_terminal.cpp(2417,8): warning C4189: 'connection': local variable is initialized but not referenced [E:\project_c\POSTerminal\build\src\ecr_driver_terminal.vcxproj]
  (compiling source file '../../src/driver_pos_terminal.cpp')
  
E:\project_c\POSTerminal\src\driver_pos_terminal.cpp(2450,8): warning C4189: 'connection': local variable is initialized but not referenced [E:\project_c\POSTerminal\build\src\ecr_driver_terminal.vcxproj]
  (compiling source file '../../src/driver_pos_terminal.cpp')
  
E:\project_c\POSTerminal\src\driver_pos_terminal.cpp(2498,98): warning C4100: 'lSizeArray': unreferenced parameter [E:\project_c\POSTerminal\build\src\ecr_driver_terminal.vcxproj]
  (compiling source file '../../src/driver_pos_terminal.cpp')
  
E:\project_c\POSTerminal\src\driver_pos_terminal.cpp(2498,77): warning C4100: 'paParams': unreferenced parameter [E:\project_c\POSTerminal\build\src\ecr_driver_terminal.vcxproj]
  (compiling source file '../../src/driver_pos_terminal.cpp')
  
E:\project_c\POSTerminal\src\driver_pos_terminal.cpp(2548,104): warning C4100: 'lSizeArray': unreferenced parameter [E:\project_c\POSTerminal\build\src\ecr_driver_terminal.vcxproj]
  (compiling source file '../../src/driver_pos_terminal.cpp')
  
E:\project_c\POSTerminal\src\driver_pos_terminal.cpp(2548,83): warning C4100: 'paParams': unreferenced parameter [E:\project_c\POSTerminal\build\src\ecr_driver_terminal.vcxproj]
  (compiling source file '../../src/driver_pos_terminal.cpp')
  
E:\project_c\POSTerminal\build\vcpkg_installed\x64-windows\include\boost\asio\detail\io_object_impl.hpp(59,16): error C2665: 'boost::asio::any_io_executor::any_io_executor': no overloaded function could convert all the argument types [E:\project_c\POSTerminal\build\src\ecr_driver_terminal.vcxproj]
  (compiling source file '../../src/driver_pos_terminal.cpp')
      E:\project_c\POSTerminal\build\vcpkg_installed\x64-windows\include\boost\asio\impl\any_io_executor.ipp(34,18):
      could be 'boost::asio::any_io_executor::any_io_executor(std::nullptr_t) noexcept'
          E:\project_c\POSTerminal\build\vcpkg_installed\x64-windows\include\boost\asio\detail\io_object_impl.hpp(59,16):
          'boost::asio::any_io_executor::any_io_executor(std::nullptr_t) noexcept': cannot convert argument 1 from 'boost::asio::io_context::executor_type' to 'std::nullptr_t'
              E:\project_c\POSTerminal\build\vcpkg_installed\x64-windows\include\boost\asio\detail\io_object_impl.hpp(59,37):
              No user-defined-conversion operator available that can perform this conversion, or the operator cannot be called
      E:\project_c\POSTerminal\build\vcpkg_installed\x64-windows\include\boost\asio\any_io_executor.hpp(184,3):
      or       'boost::asio::any_io_executor::any_io_executor(std::nothrow_t,Executor,constraint<conditional_t<!std::is_same<OtherAnyExecutor,boost::asio::any_io_executor>::value&&!std::is_base_of<boost::asio::execution::detail::any_executor_base,Executor>::value,boost::asio::execution::detail::is_valid_target_executor<Executor,boost::asio::any_io_executor::supportable_properties_type>,std::false_type>::value,int>::type) noexcept'
          E:\project_c\POSTerminal\build\vcpkg_installed\x64-windows\include\boost\asio\detail\io_object_impl.hpp(59,16):
          'boost::asio::any_io_executor::any_io_executor(std::nothrow_t,Executor,constraint<conditional_t<!std::is_same<OtherAnyExecutor,boost::asio::any_io_executor>::value&&!std::is_base_of<boost::asio::execution::detail::any_executor_base,Executor>::value,boost::asio::execution::detail::is_valid_target_executor<Executor,boost::asio::any_io_executor::supportable_properties_type>,std::false_type>::value,int>::type) noexcept': expects 3 arguments - 1 provided
      E:\project_c\POSTerminal\build\vcpkg_installed\x64-windows\include\boost\asio\any_io_executor.hpp(162,3):
      or       'boost::asio::any_io_executor::any_io_executor(Executor,constraint<conditional_t<!std::is_same<OtherAnyExecutor,boost::asio::any_io_executor>::value&&!std::is_base_of<boost::asio::execution::detail::any_executor_base,Executor>::value,boost::asio::execution::detail::is_valid_target_executor<Executor,boost::asio::any_io_executor::supportable_properties_type>,std::false_type>::value,int>::type)'
          E:\project_c\POSTerminal\build\vcpkg_installed\x64-windows\include\boost\asio\detail\io_object_impl.hpp(59,16):
          Failed to specialize function template 'boost::asio::any_io_executor::any_io_executor(Executor,constraint<conditional_t<!std::is_same<OtherAnyExecutor,boost::asio::any_io_executor>::value&&!std::is_base_of<boost::asio::execution::detail::any_executor_base,Executor>::value,boost::asio::execution::detail::is_valid_target_executor<Executor,boost::asio::any_io_executor::supportable_properties_type>,std::false_type>::value,int>::type)'
              E:\project_c\POSTerminal\build\vcpkg_installed\x64-windows\include\boost\asio\detail\io_object_impl.hpp(59,16):
              With the following template arguments:
                  E:\project_c\POSTerminal\build\vcpkg_installed\x64-windows\include\boost\asio\detail\io_object_impl.hpp(59,16):
                  'Executor=boost::asio::io_context::executor_type'
              E:\project_c\POSTerminal\build\vcpkg_installed\x64-windows\include\boost\asio\any_io_executor.hpp(163,7):
              'boost::asio::constraint_t' : Failed to specialize alias template
                  E:\project_c\POSTerminal\build\vcpkg_installed\x64-windows\include\boost\asio\detail\type_traits.hpp(181,60):
                  'type': is not a member of any direct or indirect base class of 'boost::asio::constraint<false,int>'
      E:\project_c\POSTerminal\build\vcpkg_installed\x64-windows\include\boost\asio\any_io_executor.hpp(132,3):
      or       'boost::asio::any_io_executor::any_io_executor(std::nothrow_t,OtherAnyExecutor,constraint<conditional_t<!std::is_same<OtherAnyExecutor,boost::asio::any_io_executor>::value&&std::is_base_of<boost::asio::execution::detail::any_executor_base,Executor>::value,boost::asio::execution::detail::supportable_properties<0,void (boost::asio::execution::context_as_t<boost::asio::execution_context &>,boost::asio::execution::detail::blocking::never_t<0>,boost::asio::execution::prefer_only<boost::asio::execution::detail::blocking::possibly_t<0>>,boost::asio::execution::prefer_only<boost::asio::execution::detail::outstanding_work::tracked_t<0>>,boost::asio::execution::prefer_only<boost::asio::execution::detail::outstanding_work::untracked_t<0>>,boost::asio::execution::prefer_only<boost::asio::execution::detail::relationship::fork_t<0>>,boost::asio::execution::prefer_only<boost::asio::execution::detail::relationship::continuation_t<0>>)>::is_valid_target<OtherAnyExecutor>,std::false_type>::value,int>::type) noexcept'
          E:\project_c\POSTerminal\build\vcpkg_installed\x64-windows\include\boost\asio\detail\io_object_impl.hpp(59,16):
          'boost::asio::any_io_executor::any_io_executor(std::nothrow_t,OtherAnyExecutor,constraint<conditional_t<!std::is_same<OtherAnyExecutor,boost::asio::any_io_executor>::value&&std::is_base_of<boost::asio::execution::detail::any_executor_base,Executor>::value,boost::asio::execution::detail::supportable_properties<0,void (boost::asio::execution::context_as_t<boost::asio::execution_context &>,boost::asio::execution::detail::blocking::never_t<0>,boost::asio::execution::prefer_only<boost::asio::execution::detail::blocking::possibly_t<0>>,boost::asio::execution::prefer_only<boost::asio::execution::detail::outstanding_work::tracked_t<0>>,boost::asio::execution::prefer_only<boost::asio::execution::detail::outstanding_work::untracked_t<0>>,boost::asio::execution::prefer_only<boost::asio::execution::detail::relationship::fork_t<0>>,boost::asio::execution::prefer_only<boost::asio::execution::detail::relationship::continuation_t<0>>)>::is_valid_target<OtherAnyExecutor>,std::false_type>::value,int>::type) noexcept': expects 3 arguments - 1 provided
      E:\project_c\POSTerminal\build\vcpkg_installed\x64-windows\include\boost\asio\any_io_executor.hpp(108,3):
      or       'boost::asio::any_io_executor::any_io_executor(OtherAnyExecutor,constraint<conditional_t<!std::is_same<OtherAnyExecutor,boost::asio::any_io_executor>::value&&std::is_base_of<boost::asio::execution::detail::any_executor_base,Executor>::value,boost::asio::execution::detail::supportable_properties<0,void (boost::asio::execution::context_as_t<boost::asio::execution_context &>,boost::asio::execution::detail::blocking::never_t<0>,boost::asio::execution::prefer_only<boost::asio::execution::detail::blocking::possibly_t<0>>,boost::asio::execution::prefer_only<boost::asio::execution::detail::outstanding_work::tracked_t<0>>,boost::asio::execution::prefer_only<boost::asio::execution::detail::outstanding_work::untracked_t<0>>,boost::asio::execution::prefer_only<boost::asio::execution::detail::relationship::fork_t<0>>,boost::asio::execution::prefer_only<boost::asio::execution::detail::relationship::continuation_t<0>>)>::is_valid_target<OtherAnyExecutor>,std::false_type>::value,int>::type)'
          E:\project_c\POSTerminal\build\vcpkg_installed\x64-windows\include\boost\asio\detail\io_object_impl.hpp(59,16):
          Failed to specialize function template 'boost::asio::any_io_executor::any_io_executor(OtherAnyExecutor,constraint<conditional_t<!std::is_same<OtherAnyExecutor,boost::asio::any_io_executor>::value&&std::is_base_of<boost::asio::execution::detail::any_executor_base,Executor>::value,boost::asio::execution::detail::supportable_properties<0,void (boost::asio::execution::context_as_t<boost::asio::execution_context &>,boost::asio::execution::detail::blocking::never_t<0>,boost::asio::execution::prefer_only<boost::asio::execution::detail::blocking::possibly_t<0>>,boost::asio::execution::prefer_only<boost::asio::execution::detail::outstanding_work::tracked_t<0>>,boost::asio::execution::prefer_only<boost::asio::execution::detail::outstanding_work::untracked_t<0>>,boost::asio::execution::prefer_only<boost::asio::execution::detail::relationship::fork_t<0>>,boost::asio::execution::prefer_only<boost::asio::execution::detail::relationship::continuation_t<0>>)>::is_valid_target<OtherAnyExecutor>,std::false_type>::value,int>::type)'
              E:\project_c\POSTerminal\build\vcpkg_installed\x64-windows\include\boost\asio\detail\io_object_impl.hpp(59,16):
              With the following template arguments:
                  E:\project_c\POSTerminal\build\vcpkg_installed\x64-windows\include\boost\asio\detail\io_object_impl.hpp(59,16):
                  'OtherAnyExecutor=boost::asio::io_context::executor_type'
              E:\project_c\POSTerminal\build\vcpkg_installed\x64-windows\include\boost\asio\any_io_executor.hpp(109,7):
              'boost::asio::constraint_t' : Failed to specialize alias template
                  E:\project_c\POSTerminal\build\vcpkg_installed\x64-windows\include\boost\asio\detail\type_traits.hpp(181,60):
                  'type': is not a member of any direct or indirect base class of 'boost::asio::constraint<false,int>'
      E:\project_c\POSTerminal\build\vcpkg_installed\x64-windows\include\boost\asio\detail\io_object_impl.hpp(59,16):
      while trying to match the argument list '(boost::asio::io_context::executor_type)'
      E:\project_c\POSTerminal\build\vcpkg_installed\x64-windows\include\boost\asio\detail\io_object_impl.hpp(59,16):
      the template instantiation context (the oldest one first) is
          E:\project_c\POSTerminal\src\interface_connection.h(170,20):
          see reference to function template instantiation 'boost::asio::ip::basic_resolver<boost::asio::ip::tcp,boost::asio::any_io_executor>::basic_resolver<boost::asio::io_context>(ExecutionContext &,int)' being compiled
          with
          [
              ExecutionContext=boost::asio::io_context
          ]
              E:\project_c\POSTerminal\src\interface_connection.h(170,20):
              see the first reference to 'boost::asio::ip::basic_resolver<boost::asio::ip::tcp,boost::asio::any_io_executor>::basic_resolver' in 'WebSocketConnection::WebSocketConnection'
          E:\project_c\POSTerminal\build\vcpkg_installed\x64-windows\include\boost\asio\ip\basic_resolver.hpp(118,12):
          see reference to function template instantiation 'boost::asio::detail::io_object_impl<boost::asio::detail::resolver_service<InternetProtocol>,Executor>::io_object_impl<ExecutionContext>(int,int,ExecutionContext &)' being compiled
          with
          [
              InternetProtocol=boost::asio::ip::tcp,
              Executor=boost::asio::any_io_executor,
              ExecutionContext=boost::asio::io_context
          ]
  
  interface_connection.cpp
E:\project_c\POSTerminal\src\interface_connection.h(220,67): warning C4458: declaration of 'port' hides class member [E:\project_c\POSTerminal\build\src\ecr_driver_terminal.vcxproj]
  (compiling source file '../../src/interface_connection.cpp')
      E:\project_c\POSTerminal\src\interface_connection.h(256,17):
      see declaration of 'ComConnection::port'
  
E:\project_c\POSTerminal\src\interface_connection.h(220,67): warning C4100: 'port': unreferenced parameter [E:\project_c\POSTerminal\build\src\ecr_driver_terminal.vcxproj]
  (compiling source file '../../src/interface_connection.cpp')
  
E:\project_c\POSTerminal\src\interface_connection.h(220,37): warning C4100: 'host': unreferenced parameter [E:\project_c\POSTerminal\build\src\ecr_driver_terminal.vcxproj]
  (compiling source file '../../src/interface_connection.cpp')
  
E:\project_c\POSTerminal\src\interface_connection.h(230,46): warning C4100: 'data': unreferenced parameter [E:\project_c\POSTerminal\build\src\ecr_driver_terminal.vcxproj]
  (compiling source file '../../src/interface_connection.cpp')
  
E:\project_c\POSTerminal\include\vncomp\types.h(141,9): warning C4201: nonstandard extension used: nameless struct/union [E:\project_c\POSTerminal\build\src\ecr_driver_terminal.vcxproj]
  (compiling source file '../../src/interface_connection.cpp')
  
E:\project_c\POSTerminal\include\vncomp\types.h(146,9): warning C4201: nonstandard extension used: nameless struct/union [E:\project_c\POSTerminal\build\src\ecr_driver_terminal.vcxproj]
  (compiling source file '../../src/interface_connection.cpp')
  
E:\project_c\POSTerminal\include\vncomp\types.h(151,9): warning C4201: nonstandard extension used: nameless struct/union [E:\project_c\POSTerminal\build\src\ecr_driver_terminal.vcxproj]
  (compiling source file '../../src/interface_connection.cpp')
  
E:\project_c\POSTerminal\src\interface_connection.cpp(20,8): warning C4458: declaration of 'port_' hides class member [E:\project_c\POSTerminal\build\src\ecr_driver_terminal.vcxproj]
  (compiling source file '../../src/interface_connection.cpp')
      E:\project_c\POSTerminal\src\interface_connection.h(158,26):
      see declaration of 'TcpConnection::port_'
  
E:\project_c\POSTerminal\src\interface_connection.cpp(82,12): warning C4189: 'len': local variable is initialized but not referenced [E:\project_c\POSTerminal\build\src\ecr_driver_terminal.vcxproj]
  (compiling source file '../../src/interface_connection.cpp')
  
E:\project_c\POSTerminal\build\vcpkg_installed\x64-windows\include\boost\asio\detail\io_object_impl.hpp(59,16): error C2665: 'boost::asio::any_io_executor::any_io_executor': no overloaded function could convert all the argument types [E:\project_c\POSTerminal\build\src\ecr_driver_terminal.vcxproj]
  (compiling source file '../../src/interface_connection.cpp')
      E:\project_c\POSTerminal\build\vcpkg_installed\x64-windows\include\boost\asio\impl\any_io_executor.ipp(34,18):
      could be 'boost::asio::any_io_executor::any_io_executor(std::nullptr_t) noexcept'
          E:\project_c\POSTerminal\build\vcpkg_installed\x64-windows\include\boost\asio\detail\io_object_impl.hpp(59,16):
          'boost::asio::any_io_executor::any_io_executor(std::nullptr_t) noexcept': cannot convert argument 1 from 'boost::asio::io_context::executor_type' to 'std::nullptr_t'
              E:\project_c\POSTerminal\build\vcpkg_installed\x64-windows\include\boost\asio\detail\io_object_impl.hpp(59,37):
              No user-defined-conversion operator available that can perform this conversion, or the operator cannot be called
      E:\project_c\POSTerminal\build\vcpkg_installed\x64-windows\include\boost\asio\any_io_executor.hpp(184,3):
      or       'boost::asio::any_io_executor::any_io_executor(std::nothrow_t,Executor,constraint<conditional_t<!std::is_same<OtherAnyExecutor,boost::asio::any_io_executor>::value&&!std::is_base_of<boost::asio::execution::detail::any_executor_base,Executor>::value,boost::asio::execution::detail::is_valid_target_executor<Executor,boost::asio::any_io_executor::supportable_properties_type>,std::false_type>::value,int>::type) noexcept'
          E:\project_c\POSTerminal\build\vcpkg_installed\x64-windows\include\boost\asio\detail\io_object_impl.hpp(59,16):
          'boost::asio::any_io_executor::any_io_executor(std::nothrow_t,Executor,constraint<conditional_t<!std::is_same<OtherAnyExecutor,boost::asio::any_io_executor>::value&&!std::is_base_of<boost::asio::execution::detail::any_executor_base,Executor>::value,boost::asio::execution::detail::is_valid_target_executor<Executor,boost::asio::any_io_executor::supportable_properties_type>,std::false_type>::value,int>::type) noexcept': expects 3 arguments - 1 provided
      E:\project_c\POSTerminal\build\vcpkg_installed\x64-windows\include\boost\asio\any_io_executor.hpp(162,3):
      or       'boost::asio::any_io_executor::any_io_executor(Executor,constraint<conditional_t<!std::is_same<OtherAnyExecutor,boost::asio::any_io_executor>::value&&!std::is_base_of<boost::asio::execution::detail::any_executor_base,Executor>::value,boost::asio::execution::detail::is_valid_target_executor<Executor,boost::asio::any_io_executor::supportable_properties_type>,std::false_type>::value,int>::type)'
          E:\project_c\POSTerminal\build\vcpkg_installed\x64-windows\include\boost\asio\detail\io_object_impl.hpp(59,16):
          Failed to specialize function template 'boost::asio::any_io_executor::any_io_executor(Executor,constraint<conditional_t<!std::is_same<OtherAnyExecutor,boost::asio::any_io_executor>::value&&!std::is_base_of<boost::asio::execution::detail::any_executor_base,Executor>::value,boost::asio::execution::detail::is_valid_target_executor<Executor,boost::asio::any_io_executor::supportable_properties_type>,std::false_type>::value,int>::type)'
              E:\project_c\POSTerminal\build\vcpkg_installed\x64-windows\include\boost\asio\detail\io_object_impl.hpp(59,16):
              With the following template arguments:
                  E:\project_c\POSTerminal\build\vcpkg_installed\x64-windows\include\boost\asio\detail\io_object_impl.hpp(59,16):
                  'Executor=boost::asio::io_context::executor_type'
              E:\project_c\POSTerminal\build\vcpkg_installed\x64-windows\include\boost\asio\any_io_executor.hpp(163,7):
              'boost::asio::constraint_t' : Failed to specialize alias template
                  E:\project_c\POSTerminal\build\vcpkg_installed\x64-windows\include\boost\asio\detail\type_traits.hpp(181,60):
                  'type': is not a member of any direct or indirect base class of 'boost::asio::constraint<false,int>'
      E:\project_c\POSTerminal\build\vcpkg_installed\x64-windows\include\boost\asio\any_io_executor.hpp(132,3):
      or       'boost::asio::any_io_executor::any_io_executor(std::nothrow_t,OtherAnyExecutor,constraint<conditional_t<!std::is_same<OtherAnyExecutor,boost::asio::any_io_executor>::value&&std::is_base_of<boost::asio::execution::detail::any_executor_base,Executor>::value,boost::asio::execution::detail::supportable_properties<0,void (boost::asio::execution::context_as_t<boost::asio::execution_context &>,boost::asio::execution::detail::blocking::never_t<0>,boost::asio::execution::prefer_only<boost::asio::execution::detail::blocking::possibly_t<0>>,boost::asio::execution::prefer_only<boost::asio::execution::detail::outstanding_work::tracked_t<0>>,boost::asio::execution::prefer_only<boost::asio::execution::detail::outstanding_work::untracked_t<0>>,boost::asio::execution::prefer_only<boost::asio::execution::detail::relationship::fork_t<0>>,boost::asio::execution::prefer_only<boost::asio::execution::detail::relationship::continuation_t<0>>)>::is_valid_target<OtherAnyExecutor>,std::false_type>::value,int>::type) noexcept'
          E:\project_c\POSTerminal\build\vcpkg_installed\x64-windows\include\boost\asio\detail\io_object_impl.hpp(59,16):
          'boost::asio::any_io_executor::any_io_executor(std::nothrow_t,OtherAnyExecutor,constraint<conditional_t<!std::is_same<OtherAnyExecutor,boost::asio::any_io_executor>::value&&std::is_base_of<boost::asio::execution::detail::any_executor_base,Executor>::value,boost::asio::execution::detail::supportable_properties<0,void (boost::asio::execution::context_as_t<boost::asio::execution_context &>,boost::asio::execution::detail::blocking::never_t<0>,boost::asio::execution::prefer_only<boost::asio::execution::detail::blocking::possibly_t<0>>,boost::asio::execution::prefer_only<boost::asio::execution::detail::outstanding_work::tracked_t<0>>,boost::asio::execution::prefer_only<boost::asio::execution::detail::outstanding_work::untracked_t<0>>,boost::asio::execution::prefer_only<boost::asio::execution::detail::relationship::fork_t<0>>,boost::asio::execution::prefer_only<boost::asio::execution::detail::relationship::continuation_t<0>>)>::is_valid_target<OtherAnyExecutor>,std::false_type>::value,int>::type) noexcept': expects 3 arguments - 1 provided
      E:\project_c\POSTerminal\build\vcpkg_installed\x64-windows\include\boost\asio\any_io_executor.hpp(108,3):
      or       'boost::asio::any_io_executor::any_io_executor(OtherAnyExecutor,constraint<conditional_t<!std::is_same<OtherAnyExecutor,boost::asio::any_io_executor>::value&&std::is_base_of<boost::asio::execution::detail::any_executor_base,Executor>::value,boost::asio::execution::detail::supportable_properties<0,void (boost::asio::execution::context_as_t<boost::asio::execution_context &>,boost::asio::execution::detail::blocking::never_t<0>,boost::asio::execution::prefer_only<boost::asio::execution::detail::blocking::possibly_t<0>>,boost::asio::execution::prefer_only<boost::asio::execution::detail::outstanding_work::tracked_t<0>>,boost::asio::execution::prefer_only<boost::asio::execution::detail::outstanding_work::untracked_t<0>>,boost::asio::execution::prefer_only<boost::asio::execution::detail::relationship::fork_t<0>>,boost::asio::execution::prefer_only<boost::asio::execution::detail::relationship::continuation_t<0>>)>::is_valid_target<OtherAnyExecutor>,std::false_type>::value,int>::type)'
          E:\project_c\POSTerminal\build\vcpkg_installed\x64-windows\include\boost\asio\detail\io_object_impl.hpp(59,16):
          Failed to specialize function template 'boost::asio::any_io_executor::any_io_executor(OtherAnyExecutor,constraint<conditional_t<!std::is_same<OtherAnyExecutor,boost::asio::any_io_executor>::value&&std::is_base_of<boost::asio::execution::detail::any_executor_base,Executor>::value,boost::asio::execution::detail::supportable_properties<0,void (boost::asio::execution::context_as_t<boost::asio::execution_context &>,boost::asio::execution::detail::blocking::never_t<0>,boost::asio::execution::prefer_only<boost::asio::execution::detail::blocking::possibly_t<0>>,boost::asio::execution::prefer_only<boost::asio::execution::detail::outstanding_work::tracked_t<0>>,boost::asio::execution::prefer_only<boost::asio::execution::detail::outstanding_work::untracked_t<0>>,boost::asio::execution::prefer_only<boost::asio::execution::detail::relationship::fork_t<0>>,boost::asio::execution::prefer_only<boost::asio::execution::detail::relationship::continuation_t<0>>)>::is_valid_target<OtherAnyExecutor>,std::false_type>::value,int>::type)'
              E:\project_c\POSTerminal\build\vcpkg_installed\x64-windows\include\boost\asio\detail\io_object_impl.hpp(59,16):
              With the following template arguments:
                  E:\project_c\POSTerminal\build\vcpkg_installed\x64-windows\include\boost\asio\detail\io_object_impl.hpp(59,16):
                  'OtherAnyExecutor=boost::asio::io_context::executor_type'
              E:\project_c\POSTerminal\build\vcpkg_installed\x64-windows\include\boost\asio\any_io_executor.hpp(109,7):
              'boost::asio::constraint_t' : Failed to specialize alias template
                  E:\project_c\POSTerminal\build\vcpkg_installed\x64-windows\include\boost\asio\detail\type_traits.hpp(181,60):
                  'type': is not a member of any direct or indirect base class of 'boost::asio::constraint<false,int>'
      E:\project_c\POSTerminal\build\vcpkg_installed\x64-windows\include\boost\asio\detail\io_object_impl.hpp(59,16):
      while trying to match the argument list '(boost::asio::io_context::executor_type)'
      E:\project_c\POSTerminal\build\vcpkg_installed\x64-windows\include\boost\asio\detail\io_object_impl.hpp(59,16):
      the template instantiation context (the oldest one first) is
          E:\project_c\POSTerminal\src\interface_connection.h(170,20):
          see reference to function template instantiation 'boost::asio::ip::basic_resolver<boost::asio::ip::tcp,boost::asio::any_io_executor>::basic_resolver<boost::asio::io_context>(ExecutionContext &,int)' being compiled
          with
          [
              ExecutionContext=boost::asio::io_context
          ]
              E:\project_c\POSTerminal\src\interface_connection.h(170,20):
              see the first reference to 'boost::asio::ip::basic_resolver<boost::asio::ip::tcp,boost::asio::any_io_executor>::basic_resolver' in 'WebSocketConnection::WebSocketConnection'
          E:\project_c\POSTerminal\build\vcpkg_installed\x64-windows\include\boost\asio\ip\basic_resolver.hpp(118,12):
          see reference to function template instantiation 'boost::asio::detail::io_object_impl<boost::asio::detail::resolver_service<InternetProtocol>,Executor>::io_object_impl<ExecutionContext>(int,int,ExecutionContext &)' being compiled
          with
          [
              InternetProtocol=boost::asio::ip::tcp,
              Executor=boost::asio::any_io_executor,
              ExecutionContext=boost::asio::io_context
          ]
  
  interface_driver_base.cpp
E:\project_c\POSTerminal\include\vncomp\types.h(141,9): warning C4201: nonstandard extension used: nameless struct/union [E:\project_c\POSTerminal\build\src\ecr_driver_terminal.vcxproj]
  (compiling source file '../../src/interface_driver_base.cpp')
  
E:\project_c\POSTerminal\include\vncomp\types.h(146,9): warning C4201: nonstandard extension used: nameless struct/union [E:\project_c\POSTerminal\build\src\ecr_driver_terminal.vcxproj]
  (compiling source file '../../src/interface_driver_base.cpp')
  
E:\project_c\POSTerminal\include\vncomp\types.h(151,9): warning C4201: nonstandard extension used: nameless struct/union [E:\project_c\POSTerminal\build\src\ecr_driver_terminal.vcxproj]
  (compiling source file '../../src/interface_driver_base.cpp')
  
  tvariant_helper.cpp
E:\project_c\POSTerminal\include\vncomp\types.h(141,9): warning C4201: nonstandard extension used: nameless struct/union [E:\project_c\POSTerminal\build\src\ecr_driver_terminal.vcxproj]
  (compiling source file '../../src/tvariant_helper.cpp')
  
E:\project_c\POSTerminal\include\vncomp\types.h(146,9): warning C4201: nonstandard extension used: nameless struct/union [E:\project_c\POSTerminal\build\src\ecr_driver_terminal.vcxproj]
  (compiling source file '../../src/tvariant_helper.cpp')
  
E:\project_c\POSTerminal\include\vncomp\types.h(151,9): warning C4201: nonstandard extension used: nameless struct/union [E:\project_c\POSTerminal\build\src\ecr_driver_terminal.vcxproj]
  (compiling source file '../../src/tvariant_helper.cpp')
  
  channel_protocol.cpp
E:\project_c\POSTerminal\src\interface_connection.h(220,67): warning C4458: declaration of 'port' hides class member [E:\project_c\POSTerminal\build\src\ecr_driver_terminal.vcxproj]
  (compiling source file '../../src/channel_protocol.cpp')
      E:\project_c\POSTerminal\src\interface_connection.h(256,17):
      see declaration of 'ComConnection::port'
  
E:\project_c\POSTerminal\src\interface_connection.h(220,67): warning C4100: 'port': unreferenced parameter [E:\project_c\POSTerminal\build\src\ecr_driver_terminal.vcxproj]
  (compiling source file '../../src/channel_protocol.cpp')
  
E:\project_c\POSTerminal\src\interface_connection.h(220,37): warning C4100: 'host': unreferenced parameter [E:\project_c\POSTerminal\build\src\ecr_driver_terminal.vcxproj]
  (compiling source file '../../src/channel_protocol.cpp')
  
E:\project_c\POSTerminal\src\interface_connection.h(230,46): warning C4100: 'data': unreferenced parameter [E:\project_c\POSTerminal\build\src\ecr_driver_terminal.vcxproj]
  (compiling source file '../../src/channel_protocol.cpp')
  
E:\project_c\POSTerminal\include\vncomp\types.h(141,9): warning C4201: nonstandard extension used: nameless struct/union [E:\project_c\POSTerminal\build\src\ecr_driver_terminal.vcxproj]
  (compiling source file '../../src/channel_protocol.cpp')
  
E:\project_c\POSTerminal\include\vncomp\types.h(146,9): warning C4201: nonstandard extension used: nameless struct/union [E:\project_c\POSTerminal\build\src\ecr_driver_terminal.vcxproj]
  (compiling source file '../../src/channel_protocol.cpp')
  
E:\project_c\POSTerminal\include\vncomp\types.h(151,9): warning C4201: nonstandard extension used: nameless struct/union [E:\project_c\POSTerminal\build\src\ecr_driver_terminal.vcxproj]
  (compiling source file '../../src/channel_protocol.cpp')
  
E:\project_c\POSTerminal\src\channel_protocol.cpp(200,69): warning C4100: 'json': unreferenced parameter [E:\project_c\POSTerminal\build\src\ecr_driver_terminal.vcxproj]
  (compiling source file '../../src/channel_protocol.cpp')
  
E:\project_c\POSTerminal\src\channel_protocol.cpp(212,65): warning C4100: 'params': unreferenced parameter [E:\project_c\POSTerminal\build\src\ecr_driver_terminal.vcxproj]
  (compiling source file '../../src/channel_protocol.cpp')
  
E:\project_c\POSTerminal\build\vcpkg_installed\x64-windows\include\boost\asio\detail\io_object_impl.hpp(59,16): error C2665: 'boost::asio::any_io_executor::any_io_executor': no overloaded function could convert all the argument types [E:\project_c\POSTerminal\build\src\ecr_driver_terminal.vcxproj]
  (compiling source file '../../src/channel_protocol.cpp')
      E:\project_c\POSTerminal\build\vcpkg_installed\x64-windows\include\boost\asio\impl\any_io_executor.ipp(34,18):
      could be 'boost::asio::any_io_executor::any_io_executor(std::nullptr_t) noexcept'
          E:\project_c\POSTerminal\build\vcpkg_installed\x64-windows\include\boost\asio\detail\io_object_impl.hpp(59,16):
          'boost::asio::any_io_executor::any_io_executor(std::nullptr_t) noexcept': cannot convert argument 1 from 'boost::asio::io_context::executor_type' to 'std::nullptr_t'
              E:\project_c\POSTerminal\build\vcpkg_installed\x64-windows\include\boost\asio\detail\io_object_impl.hpp(59,37):
              No user-defined-conversion operator available that can perform this conversion, or the operator cannot be called
      E:\project_c\POSTerminal\build\vcpkg_installed\x64-windows\include\boost\asio\any_io_executor.hpp(184,3):
      or       'boost::asio::any_io_executor::any_io_executor(std::nothrow_t,Executor,constraint<conditional_t<!std::is_same<OtherAnyExecutor,boost::asio::any_io_executor>::value&&!std::is_base_of<boost::asio::execution::detail::any_executor_base,Executor>::value,boost::asio::execution::detail::is_valid_target_executor<Executor,boost::asio::any_io_executor::supportable_properties_type>,std::false_type>::value,int>::type) noexcept'
          E:\project_c\POSTerminal\build\vcpkg_installed\x64-windows\include\boost\asio\detail\io_object_impl.hpp(59,16):
          'boost::asio::any_io_executor::any_io_executor(std::nothrow_t,Executor,constraint<conditional_t<!std::is_same<OtherAnyExecutor,boost::asio::any_io_executor>::value&&!std::is_base_of<boost::asio::execution::detail::any_executor_base,Executor>::value,boost::asio::execution::detail::is_valid_target_executor<Executor,boost::asio::any_io_executor::supportable_properties_type>,std::false_type>::value,int>::type) noexcept': expects 3 arguments - 1 provided
      E:\project_c\POSTerminal\build\vcpkg_installed\x64-windows\include\boost\asio\any_io_executor.hpp(162,3):
      or       'boost::asio::any_io_executor::any_io_executor(Executor,constraint<conditional_t<!std::is_same<OtherAnyExecutor,boost::asio::any_io_executor>::value&&!std::is_base_of<boost::asio::execution::detail::any_executor_base,Executor>::value,boost::asio::execution::detail::is_valid_target_executor<Executor,boost::asio::any_io_executor::supportable_properties_type>,std::false_type>::value,int>::type)'
          E:\project_c\POSTerminal\build\vcpkg_installed\x64-windows\include\boost\asio\detail\io_object_impl.hpp(59,16):
          Failed to specialize function template 'boost::asio::any_io_executor::any_io_executor(Executor,constraint<conditional_t<!std::is_same<OtherAnyExecutor,boost::asio::any_io_executor>::value&&!std::is_base_of<boost::asio::execution::detail::any_executor_base,Executor>::value,boost::asio::execution::detail::is_valid_target_executor<Executor,boost::asio::any_io_executor::supportable_properties_type>,std::false_type>::value,int>::type)'
              E:\project_c\POSTerminal\build\vcpkg_installed\x64-windows\include\boost\asio\detail\io_object_impl.hpp(59,16):
              With the following template arguments:
                  E:\project_c\POSTerminal\build\vcpkg_installed\x64-windows\include\boost\asio\detail\io_object_impl.hpp(59,16):
                  'Executor=boost::asio::io_context::executor_type'
              E:\project_c\POSTerminal\build\vcpkg_installed\x64-windows\include\boost\asio\any_io_executor.hpp(163,7):
              'boost::asio::constraint_t' : Failed to specialize alias template
                  E:\project_c\POSTerminal\build\vcpkg_installed\x64-windows\include\boost\asio\detail\type_traits.hpp(181,60):
                  'type': is not a member of any direct or indirect base class of 'boost::asio::constraint<false,int>'
      E:\project_c\POSTerminal\build\vcpkg_installed\x64-windows\include\boost\asio\any_io_executor.hpp(132,3):
      or       'boost::asio::any_io_executor::any_io_executor(std::nothrow_t,OtherAnyExecutor,constraint<conditional_t<!std::is_same<OtherAnyExecutor,boost::asio::any_io_executor>::value&&std::is_base_of<boost::asio::execution::detail::any_executor_base,Executor>::value,boost::asio::execution::detail::supportable_properties<0,void (boost::asio::execution::context_as_t<boost::asio::execution_context &>,boost::asio::execution::detail::blocking::never_t<0>,boost::asio::execution::prefer_only<boost::asio::execution::detail::blocking::possibly_t<0>>,boost::asio::execution::prefer_only<boost::asio::execution::detail::outstanding_work::tracked_t<0>>,boost::asio::execution::prefer_only<boost::asio::execution::detail::outstanding_work::untracked_t<0>>,boost::asio::execution::prefer_only<boost::asio::execution::detail::relationship::fork_t<0>>,boost::asio::execution::prefer_only<boost::asio::execution::detail::relationship::continuation_t<0>>)>::is_valid_target<OtherAnyExecutor>,std::false_type>::value,int>::type) noexcept'
          E:\project_c\POSTerminal\build\vcpkg_installed\x64-windows\include\boost\asio\detail\io_object_impl.hpp(59,16):
          'boost::asio::any_io_executor::any_io_executor(std::nothrow_t,OtherAnyExecutor,constraint<conditional_t<!std::is_same<OtherAnyExecutor,boost::asio::any_io_executor>::value&&std::is_base_of<boost::asio::execution::detail::any_executor_base,Executor>::value,boost::asio::execution::detail::supportable_properties<0,void (boost::asio::execution::context_as_t<boost::asio::execution_context &>,boost::asio::execution::detail::blocking::never_t<0>,boost::asio::execution::prefer_only<boost::asio::execution::detail::blocking::possibly_t<0>>,boost::asio::execution::prefer_only<boost::asio::execution::detail::outstanding_work::tracked_t<0>>,boost::asio::execution::prefer_only<boost::asio::execution::detail::outstanding_work::untracked_t<0>>,boost::asio::execution::prefer_only<boost::asio::execution::detail::relationship::fork_t<0>>,boost::asio::execution::prefer_only<boost::asio::execution::detail::relationship::continuation_t<0>>)>::is_valid_target<OtherAnyExecutor>,std::false_type>::value,int>::type) noexcept': expects 3 arguments - 1 provided
      E:\project_c\POSTerminal\build\vcpkg_installed\x64-windows\include\boost\asio\any_io_executor.hpp(108,3):
      or       'boost::asio::any_io_executor::any_io_executor(OtherAnyExecutor,constraint<conditional_t<!std::is_same<OtherAnyExecutor,boost::asio::any_io_executor>::value&&std::is_base_of<boost::asio::execution::detail::any_executor_base,Executor>::value,boost::asio::execution::detail::supportable_properties<0,void (boost::asio::execution::context_as_t<boost::asio::execution_context &>,boost::asio::execution::detail::blocking::never_t<0>,boost::asio::execution::prefer_only<boost::asio::execution::detail::blocking::possibly_t<0>>,boost::asio::execution::prefer_only<boost::asio::execution::detail::outstanding_work::tracked_t<0>>,boost::asio::execution::prefer_only<boost::asio::execution::detail::outstanding_work::untracked_t<0>>,boost::asio::execution::prefer_only<boost::asio::execution::detail::relationship::fork_t<0>>,boost::asio::execution::prefer_only<boost::asio::execution::detail::relationship::continuation_t<0>>)>::is_valid_target<OtherAnyExecutor>,std::false_type>::value,int>::type)'
          E:\project_c\POSTerminal\build\vcpkg_installed\x64-windows\include\boost\asio\detail\io_object_impl.hpp(59,16):
          Failed to specialize function template 'boost::asio::any_io_executor::any_io_executor(OtherAnyExecutor,constraint<conditional_t<!std::is_same<OtherAnyExecutor,boost::asio::any_io_executor>::value&&std::is_base_of<boost::asio::execution::detail::any_executor_base,Executor>::value,boost::asio::execution::detail::supportable_properties<0,void (boost::asio::execution::context_as_t<boost::asio::execution_context &>,boost::asio::execution::detail::blocking::never_t<0>,boost::asio::execution::prefer_only<boost::asio::execution::detail::blocking::possibly_t<0>>,boost::asio::execution::prefer_only<boost::asio::execution::detail::outstanding_work::tracked_t<0>>,boost::asio::execution::prefer_only<boost::asio::execution::detail::outstanding_work::untracked_t<0>>,boost::asio::execution::prefer_only<boost::asio::execution::detail::relationship::fork_t<0>>,boost::asio::execution::prefer_only<boost::asio::execution::detail::relationship::continuation_t<0>>)>::is_valid_target<OtherAnyExecutor>,std::false_type>::value,int>::type)'
              E:\project_c\POSTerminal\build\vcpkg_installed\x64-windows\include\boost\asio\detail\io_object_impl.hpp(59,16):
              With the following template arguments:
                  E:\project_c\POSTerminal\build\vcpkg_installed\x64-windows\include\boost\asio\detail\io_object_impl.hpp(59,16):
                  'OtherAnyExecutor=boost::asio::io_context::executor_type'
              E:\project_c\POSTerminal\build\vcpkg_installed\x64-windows\include\boost\asio\any_io_executor.hpp(109,7):
              'boost::asio::constraint_t' : Failed to specialize alias template
                  E:\project_c\POSTerminal\build\vcpkg_installed\x64-windows\include\boost\asio\detail\type_traits.hpp(181,60):
                  'type': is not a member of any direct or indirect base class of 'boost::asio::constraint<false,int>'
      E:\project_c\POSTerminal\build\vcpkg_installed\x64-windows\include\boost\asio\detail\io_object_impl.hpp(59,16):
      while trying to match the argument list '(boost::asio::io_context::executor_type)'
      E:\project_c\POSTerminal\build\vcpkg_installed\x64-windows\include\boost\asio\detail\io_object_impl.hpp(59,16):
      the template instantiation context (the oldest one first) is
          E:\project_c\POSTerminal\src\interface_connection.h(170,20):
          see reference to function template instantiation 'boost::asio::ip::basic_resolver<boost::asio::ip::tcp,boost::asio::any_io_executor>::basic_resolver<boost::asio::io_context>(ExecutionContext &,int)' being compiled
          with
          [
              ExecutionContext=boost::asio::io_context
          ]
              E:\project_c\POSTerminal\src\interface_connection.h(170,20):
              see the first reference to 'boost::asio::ip::basic_resolver<boost::asio::ip::tcp,boost::asio::any_io_executor>::basic_resolver' in 'WebSocketConnection::WebSocketConnection'
          E:\project_c\POSTerminal\build\vcpkg_installed\x64-windows\include\boost\asio\ip\basic_resolver.hpp(118,12):
          see reference to function template instantiation 'boost::asio::detail::io_object_impl<boost::asio::detail::resolver_service<InternetProtocol>,Executor>::io_object_impl<ExecutionContext>(int,int,ExecutionContext &)' being compiled
          with
          [
              InternetProtocol=boost::asio::ip::tcp,
              Executor=boost::asio::any_io_executor,
              ExecutionContext=boost::asio::io_context
          ]
  
  Generating Code...
